<?xml version="1.0" encoding="UTF-8"?>
<!-- Generated by org.testng.reporters.JUnitReportReporter -->
<testsuite hostname="APAC-3LNNJ64" failures="0" tests="1" name="mavenforjenkins.UITest" time="11.204" errors="0" timestamp="2025-04-18T16:19:47 IST" skipped="0">
  <testcase classname="mavenforjenkins.UITest" name="startBrowser" time="11.204"/>
</testsuite> <!-- mavenforjenkins.UITest -->
