<?xml version="1.0" encoding="UTF-8"?>
<!-- Generated by org.testng.reporters.JUnitReportReporter -->
<testsuite hostname="APAC-3LNNJ64" failures="0" tests="1" name="mavenforjenkins.UITest" time="18.738" errors="0" timestamp="2025-04-19T00:23:57 IST" skipped="0">
  <testcase classname="mavenforjenkins.UITest" name="startBrowser" time="18.738"/>
</testsuite> <!-- mavenforjenkins.UITest -->
